0 info it worked if it ends with ok
1 verbose cli [ 'C:\\Program Files\\nodejs\\node.exe',
1 verbose cli   'C:\\Program Files\\nodejs\\node_modules\\npm\\bin\\npm-cli.js',
1 verbose cli   'start' ]
2 info using npm@3.10.10
3 info using node@v6.11.2
4 verbose run-script [ 'prestart', 'start', 'poststart' ]
5 info lifecycle expressjokes@0.0.0~prestart: expressjokes@0.0.0
6 silly lifecycle expressjokes@0.0.0~prestart: no script for prestart, continuing
7 info lifecycle expressjokes@0.0.0~start: expressjokes@0.0.0
8 verbose lifecycle expressjokes@0.0.0~start: unsafe-perm in lifecycle true
9 verbose lifecycle expressjokes@0.0.0~start: PATH: C:\Program Files\nodejs\node_modules\npm\bin\node-gyp-bin;C:\Users\nmo\Documents\JS\period2\expressJokes\node_modules\.bin;C:\Program Files (x86)\Intel\iCLS Client\;C:\Program Files\Intel\iCLS Client\;C:\WINDOWS\system32;C:\WINDOWS;C:\WINDOWS\System32\Wbem;C:\WINDOWS\System32\WindowsPowerShell\v1.0\;C:\Program Files (x86)\Intel\Intel(R) Management Engine Components\DAL;C:\Program Files\Intel\Intel(R) Management Engine Components\DAL;C:\Program Files (x86)\Intel\Intel(R) Management Engine Components\IPT;C:\Program Files\Intel\Intel(R) Management Engine Components\IPT;C:\Program Files\Intel\WiFi\bin\;C:\Program Files\Common Files\Intel\WirelessCommon\;C:\Program Files\Microsoft SQL Server\130\Tools\Binn\;C:\Program Files\dotnet\;C:\Program Files\nodejs\;C:\Program Files\Git\cmd;C:\Users\nmo\AppData\Local\Microsoft\WindowsApps;C:\Program Files\Intel\WiFi\bin\;C:\Program Files\Common Files\Intel\WirelessCommon\;C:\Program Files\Microsoft VS Code\bin;C:\Users\nmo\AppData\Roaming\npm
10 verbose lifecycle expressjokes@0.0.0~start: CWD: C:\Users\nmo\Documents\JS\period2\expressJokes
11 silly lifecycle expressjokes@0.0.0~start: Args: [ '/d /s /c', 'start http://localhost:3000 & node ./bin/www' ]
12 silly lifecycle expressjokes@0.0.0~start: Returned: code: 1  signal: null
13 info lifecycle expressjokes@0.0.0~start: Failed to exec start script
14 verbose stack Error: expressjokes@0.0.0 start: `start http://localhost:3000 & node ./bin/www`
14 verbose stack Exit status 1
14 verbose stack     at EventEmitter.<anonymous> (C:\Program Files\nodejs\node_modules\npm\lib\utils\lifecycle.js:255:16)
14 verbose stack     at emitTwo (events.js:106:13)
14 verbose stack     at EventEmitter.emit (events.js:191:7)
14 verbose stack     at ChildProcess.<anonymous> (C:\Program Files\nodejs\node_modules\npm\lib\utils\spawn.js:40:14)
14 verbose stack     at emitTwo (events.js:106:13)
14 verbose stack     at ChildProcess.emit (events.js:191:7)
14 verbose stack     at maybeClose (internal/child_process.js:891:16)
14 verbose stack     at Process.ChildProcess._handle.onexit (internal/child_process.js:226:5)
15 verbose pkgid expressjokes@0.0.0
16 verbose cwd C:\Users\nmo\Documents\JS\period2\expressJokes
17 error Windows_NT 10.0.15063
18 error argv "C:\\Program Files\\nodejs\\node.exe" "C:\\Program Files\\nodejs\\node_modules\\npm\\bin\\npm-cli.js" "start"
19 error node v6.11.2
20 error npm  v3.10.10
21 error code ELIFECYCLE
22 error expressjokes@0.0.0 start: `start http://localhost:3000 & node ./bin/www`
22 error Exit status 1
23 error Failed at the expressjokes@0.0.0 start script 'start http://localhost:3000 & node ./bin/www'.
23 error Make sure you have the latest version of node.js and npm installed.
23 error If you do, this is most likely a problem with the expressjokes package,
23 error not with npm itself.
23 error Tell the author that this fails on your system:
23 error     start http://localhost:3000 & node ./bin/www
23 error You can get information on how to open an issue for this project with:
23 error     npm bugs expressjokes
23 error Or if that isn't available, you can get their info via:
23 error     npm owner ls expressjokes
23 error There is likely additional logging output above.
24 verbose exit [ 1, true ]
